Using pre-set license
Built from '2020.3/staging' branch; Version is '2020.3.24f1 (79c78de19888) revision 7980941'; Using compiler version '192528614'; Build Type 'Release'
OS: 'Windows 10  (10.0.19043) 64bit Professional' Language: 'pl' Physical Memory: 16226 MB
BatchMode: 1, IsHumanControllingUs: 0, StartBugReporterOnCrash: 0, Is64bit: 1, IsPro: 0

COMMAND LINE ARGUMENTS:
D:\Program Files\Unity Editors\2020.3.24f1\Editor\Unity.exe
-adb2
-batchMode
-noUpm
-name
AssetImportWorker0
-projectPath
D:/Projects/Unity/Dungeon2D
-logFile
Logs/AssetImportWorker0.log
-srvPort
51151
Successfully changed project path to: D:/Projects/Unity/Dungeon2D
D:/Projects/Unity/Dungeon2D
Using Asset Import Pipeline V2.
Refreshing native plugins compatible for Editor in 71.48 ms, found 2 plugins.
Preloading 0 native plugins for Editor in 0.00 ms.
Initialize engine version: 2020.3.24f1 (79c78de19888)
[Subsystems] Discovering subsystems at path D:/Program Files/Unity Editors/2020.3.24f1/Editor/Data/Resources/UnitySubsystems
[Subsystems] Discovering subsystems at path D:/Projects/Unity/Dungeon2D/Assets
GfxDevice: creating device client; threaded=0
Direct3D:
    Version:  Direct3D 11.0 [level 11.1]
    Renderer: NVIDIA GeForce GTX 1050 Ti (ID=0x1c8c)
    Vendor:   
    VRAM:     4018 MB
    Driver:   30.0.14.9613
Initialize mono
Mono path[0] = 'D:/Program Files/Unity Editors/2020.3.24f1/Editor/Data/Managed'
Mono path[1] = 'D:/Program Files/Unity Editors/2020.3.24f1/Editor/Data/MonoBleedingEdge/lib/mono/unityjit'
Mono config path = 'D:/Program Files/Unity Editors/2020.3.24f1/Editor/Data/MonoBleedingEdge/etc'
Using monoOptions --debugger-agent=transport=dt_socket,embedding=1,server=y,suspend=n,address=127.0.0.1:56920
Begin MonoManager ReloadAssembly
Registering precompiled unity dll's ...
Register platform support module: D:/Program Files/Unity Editors/2020.3.24f1/Editor/Data/PlaybackEngines/WindowsStandaloneSupport/UnityEditor.WindowsStandalone.Extensions.dll
Registered in 0.002788 seconds.
Native extension for WindowsStandalone target not found
Refreshing native plugins compatible for Editor in 59.60 ms, found 2 plugins.
Preloading 0 native plugins for Editor in 0.00 ms.
Mono: successfully reloaded assembly
- Completed reload, in  0.645 seconds
Domain Reload Profiling:
	ReloadAssembly (645ms)
		BeginReloadAssembly (73ms)
			ExecutionOrderSort (0ms)
			DisableScriptedObjects (0ms)
			BackupInstance (0ms)
			ReleaseScriptingObjects (0ms)
			CreateAndSetChildDomain (1ms)
		EndReloadAssembly (488ms)
			LoadAssemblies (68ms)
			RebuildTransferFunctionScriptingTraits (0ms)
			SetupTypeCache (160ms)
			ReleaseScriptCaches (0ms)
			RebuildScriptCaches (28ms)
			SetupLoadedEditorAssemblies (189ms)
				LogAssemblyErrors (0ms)
				InitializePlatformSupportModulesInManaged (4ms)
				SetLoadedEditorAssemblies (0ms)
				RefreshPlugins (60ms)
				BeforeProcessingInitializeOnLoad (17ms)
				ProcessInitializeOnLoadAttributes (83ms)
				ProcessInitializeOnLoadMethodAttributes (25ms)
				AfterProcessingInitializeOnLoad (0ms)
				EditorAssembliesLoaded (0ms)
			ExecutionOrderSort2 (0ms)
			AwakeInstancesAfterBackupRestoration (0ms)
Platform modules already initialized, skipping
Registering precompiled user dll's ...
Registered in 0.011574 seconds.
Begin MonoManager ReloadAssembly
Native extension for WindowsStandalone target not found
Refreshing native plugins compatible for Editor in 0.67 ms, found 2 plugins.
Preloading 0 native plugins for Editor in 0.00 ms.
Mono: successfully reloaded assembly
- Completed reload, in  1.189 seconds
Domain Reload Profiling:
	ReloadAssembly (1192ms)
		BeginReloadAssembly (155ms)
			ExecutionOrderSort (0ms)
			DisableScriptedObjects (4ms)
			BackupInstance (0ms)
			ReleaseScriptingObjects (0ms)
			CreateAndSetChildDomain (19ms)
		EndReloadAssembly (973ms)
			LoadAssemblies (106ms)
			RebuildTransferFunctionScriptingTraits (0ms)
			SetupTypeCache (309ms)
			ReleaseScriptCaches (0ms)
			RebuildScriptCaches (47ms)
			SetupLoadedEditorAssemblies (400ms)
				LogAssemblyErrors (0ms)
				InitializePlatformSupportModulesInManaged (4ms)
				SetLoadedEditorAssemblies (0ms)
				RefreshPlugins (1ms)
				BeforeProcessingInitializeOnLoad (110ms)
				ProcessInitializeOnLoadAttributes (233ms)
				ProcessInitializeOnLoadMethodAttributes (43ms)
				AfterProcessingInitializeOnLoad (9ms)
				EditorAssembliesLoaded (0ms)
			ExecutionOrderSort2 (0ms)
			AwakeInstancesAfterBackupRestoration (6ms)
Platform modules already initialized, skipping
========================================================================
Worker process is ready to serve import requests
Launched and connected shader compiler UnityShaderCompiler.exe after 0.09 seconds
Refreshing native plugins compatible for Editor in 0.67 ms, found 2 plugins.
Preloading 0 native plugins for Editor in 0.00 ms.
Unloading 2301 Unused Serialized files (Serialized files now loaded: 0)
System memory in use before: 91.1 MB.
System memory in use after: 91.3 MB.

Unloading 60 unused Assets to reduce memory usage. Loaded Objects now: 2705.
Total: 6.267900 ms (FindLiveObjects: 0.273500 ms CreateObjectMapping: 0.114600 ms MarkObjects: 5.790300 ms  DeleteObjects: 0.087900 ms)

AssetImportParameters requested are different than current active one (requested -> active):
  custom:framework-win-MediaFoundation: 216162199b28c13a410421893ffa2e32 -> 
  custom:video-decoder-ogg-theora: a1e56fd34408186e4bbccfd4996cb3dc -> 
  custom:container-muxer-webm: aa71ff27fc2769a1b78a27578f13a17b -> 
  custom:container-demuxer-webm: 4f35f7cbe854078d1ac9338744f61a02 -> 
  custom:container-demuxer-ogg: 62fdf1f143b41e24485cea50d1cbac27 -> 
  custom:video-encoder-webm-vp8: eb34c28f22e8b96e1ab97ce403110664 -> 
  custom:video-decoder-webm-vp8: 9c59270c3fd7afecdb556c50c9e8de78 -> 
  custom:audio-decoder-ogg-vorbis: bf7c407c2cedff20999df2af8eb42d56 -> 
  custom:audio-encoder-webm-vorbis: bf7c407c2cedff20999df2af8eb42d56 -> 
========================================================================
Received Import Request.
  path: Assets/Resources/BillingMode.json
  artifactKey: Guid(d468fb3fc447432418fae879b9286ec5) Importer(815301076,1909f56bfc062723c751e8b465ee728b)
Start importing Assets/Resources/BillingMode.json using Guid(d468fb3fc447432418fae879b9286ec5) Importer(815301076,1909f56bfc062723c751e8b465ee728b)  -> (artifact id: '0c35d464ba61f1f92e9f289ac436c13a') in 0.041030 seconds 
  Import took 0.049874 seconds .

========================================================================
Received Import Request.
  Time since last request: 12.448344 seconds.
  path: Assets/_Prefabs/flamingSword.prefab
  artifactKey: Guid(20db0104af6f590469a14ba547deecf3) Importer(815301076,1909f56bfc062723c751e8b465ee728b)
Start importing Assets/_Prefabs/flamingSword.prefab using Guid(20db0104af6f590469a14ba547deecf3) Importer(815301076,1909f56bfc062723c751e8b465ee728b)  -> (artifact id: '4288c070602cfcb353af53f308fb005f') in 0.109125 seconds 
  Import took 0.113261 seconds .

========================================================================
Received Import Request.
  Time since last request: 0.000283 seconds.
  path: Assets/_Prefabs/FloatingText.prefab
  artifactKey: Guid(f21f49112f7d0a445b3b20a4adf4d17b) Importer(815301076,1909f56bfc062723c751e8b465ee728b)
Start importing Assets/_Prefabs/FloatingText.prefab using Guid(f21f49112f7d0a445b3b20a4adf4d17b) Importer(815301076,1909f56bfc062723c751e8b465ee728b)  -> (artifact id: 'cf50f3ab738d6b0a8601b329bd3a11be') in 0.018343 seconds 
  Import took 0.023543 seconds .

========================================================================
Received Import Request.
  Time since last request: 0.000390 seconds.
  path: Assets/_Prefabs/NPC.prefab
  artifactKey: Guid(68a6c029698ecb04787529007fafb643) Importer(815301076,1909f56bfc062723c751e8b465ee728b)
Start importing Assets/_Prefabs/NPC.prefab using Guid(68a6c029698ecb04787529007fafb643) Importer(815301076,1909f56bfc062723c751e8b465ee728b)  -> (artifact id: '7f691c5d42b2d4705a548f1df89b761a') in 0.026271 seconds 
  Import took 0.030366 seconds .

========================================================================
Received Import Request.
  Time since last request: 0.000334 seconds.
  path: Assets/_Prefabs/Player.prefab
  artifactKey: Guid(ce8ac46d1dba90343a730eca3dfaa773) Importer(815301076,1909f56bfc062723c751e8b465ee728b)
Start importing Assets/_Prefabs/Player.prefab using Guid(ce8ac46d1dba90343a730eca3dfaa773) Importer(815301076,1909f56bfc062723c751e8b465ee728b)  -> (artifact id: '4ae709fdc61816065bc34771d08739ae') in 0.035766 seconds 
  Import took 0.039438 seconds .

========================================================================
Received Import Request.
  Time since last request: 4.811612 seconds.
  path: Assets/Artwork/0x72_16x16DungeonTileset_walls.v2.png
  artifactKey: Guid(afb0b6bec8ac543439be631b14f75f53) Importer(815301076,1909f56bfc062723c751e8b465ee728b)
Start importing Assets/Artwork/0x72_16x16DungeonTileset_walls.v2.png using Guid(afb0b6bec8ac543439be631b14f75f53) Importer(815301076,1909f56bfc062723c751e8b465ee728b)  -> (artifact id: '70c6d90023071681706db59eda16546f') in 0.082665 seconds 
  Import took 0.086175 seconds .

========================================================================
Received Import Request.
  Time since last request: 0.000370 seconds.
  path: Assets/Artwork/Atlas.png
  artifactKey: Guid(bf00711bd0d0f9a42b4be7ce6a4e6b10) Importer(815301076,1909f56bfc062723c751e8b465ee728b)
Start importing Assets/Artwork/Atlas.png using Guid(bf00711bd0d0f9a42b4be7ce6a4e6b10) Importer(815301076,1909f56bfc062723c751e8b465ee728b)  -> (artifact id: 'e0622c8da7385213970ada3a1b92a50c') in 0.247593 seconds 
  Import took 0.251203 seconds .

========================================================================
Received Import Request.
  Time since last request: 0.000351 seconds.
  path: Assets/Artwork/pixel_dingbats-7_screen.png
  artifactKey: Guid(9f2adf73d0b880748b38dc578f2bae1e) Importer(815301076,1909f56bfc062723c751e8b465ee728b)
Start importing Assets/Artwork/pixel_dingbats-7_screen.png using Guid(9f2adf73d0b880748b38dc578f2bae1e) Importer(815301076,1909f56bfc062723c751e8b465ee728b)  -> (artifact id: '1eeff92ab864afa1573b2f912f035c50') in 0.028435 seconds 
  Import took 0.032558 seconds .

========================================================================
Received Import Request.
  Time since last request: 0.000282 seconds.
  path: Assets/Artwork/0x72_DungeonTilesetII_v1.3.png
  artifactKey: Guid(c320a1766d556334fa09a7e139213e06) Importer(815301076,1909f56bfc062723c751e8b465ee728b)
Start importing Assets/Artwork/0x72_DungeonTilesetII_v1.3.png using Guid(c320a1766d556334fa09a7e139213e06) Importer(815301076,1909f56bfc062723c751e8b465ee728b)  -> (artifact id: '797c9ce60fdead99b2c1316dd0d6a22f') in 0.082364 seconds 
  Import took 0.086356 seconds .

========================================================================
Received Import Request.
  Time since last request: 0.000300 seconds.
  path: Assets/Artwork/Chest brush.asset
  artifactKey: Guid(1b123a09ef2ef6b46ba50241be7bd944) Importer(815301076,1909f56bfc062723c751e8b465ee728b)
Start importing Assets/Artwork/Chest brush.asset using Guid(1b123a09ef2ef6b46ba50241be7bd944) Importer(815301076,1909f56bfc062723c751e8b465ee728b)  -> (artifact id: '553d0826cb2e283f212123fbd3a9003c') in 0.016546 seconds 
  Import took 0.019689 seconds .

========================================================================
Received Import Request.
  Time since last request: 1.490158 seconds.
  path: Assets/Artwork/Audio
  artifactKey: Guid(c4068924f50a65e4197a1f6d62ceadc3) Importer(815301076,1909f56bfc062723c751e8b465ee728b)
Start importing Assets/Artwork/Audio using Guid(c4068924f50a65e4197a1f6d62ceadc3) Importer(815301076,1909f56bfc062723c751e8b465ee728b)  -> (artifact id: '4e36e8435a8198186b0de2f6ce291034') in 0.005580 seconds 
  Import took 0.008942 seconds .

========================================================================
Received Import Request.
  Time since last request: 0.089431 seconds.
  path: Assets/Artwork/Audio/adventure.mp3
  artifactKey: Guid(01d283f6ad7b72b469b37a81581fb763) Importer(815301076,1909f56bfc062723c751e8b465ee728b)
Start importing Assets/Artwork/Audio/adventure.mp3 using Guid(01d283f6ad7b72b469b37a81581fb763) Importer(815301076,1909f56bfc062723c751e8b465ee728b)  -> (artifact id: '78bac6258135d21d5c1241af1520e7a2') in 0.135016 seconds 
  Import took 0.144317 seconds .

========================================================================
Received Import Request.
  Time since last request: 0.000373 seconds.
  path: Assets/Artwork/Audio/Dungeon-Cave.mp3
  artifactKey: Guid(d3f8369b7aa8a6544ba11b44713135a1) Importer(815301076,1909f56bfc062723c751e8b465ee728b)
Start importing Assets/Artwork/Audio/Dungeon-Cave.mp3 using Guid(d3f8369b7aa8a6544ba11b44713135a1) Importer(815301076,1909f56bfc062723c751e8b465ee728b)  -> (artifact id: '88de6db2c8290f4696f2dcf3e8ca4e50') in 0.016737 seconds 
  Import took 0.020259 seconds .

========================================================================
Received Prepare
Registering precompiled user dll's ...
Registered in 0.010523 seconds.
Begin MonoManager ReloadAssembly
Native extension for WindowsStandalone target not found
Refreshing native plugins compatible for Editor in 0.71 ms, found 2 plugins.
Preloading 0 native plugins for Editor in 0.00 ms.
Mono: successfully reloaded assembly
- Completed reload, in  1.051 seconds
Domain Reload Profiling:
	ReloadAssembly (1051ms)
		BeginReloadAssembly (126ms)
			ExecutionOrderSort (0ms)
			DisableScriptedObjects (5ms)
			BackupInstance (0ms)
			ReleaseScriptingObjects (0ms)
			CreateAndSetChildDomain (38ms)
		EndReloadAssembly (858ms)
			LoadAssemblies (108ms)
			RebuildTransferFunctionScriptingTraits (0ms)
			SetupTypeCache (281ms)
			ReleaseScriptCaches (1ms)
			RebuildScriptCaches (39ms)
			SetupLoadedEditorAssemblies (343ms)
				LogAssemblyErrors (0ms)
				InitializePlatformSupportModulesInManaged (4ms)
				SetLoadedEditorAssemblies (0ms)
				RefreshPlugins (1ms)
				BeforeProcessingInitializeOnLoad (83ms)
				ProcessInitializeOnLoadAttributes (207ms)
				ProcessInitializeOnLoadMethodAttributes (38ms)
				AfterProcessingInitializeOnLoad (9ms)
				EditorAssembliesLoaded (0ms)
			ExecutionOrderSort2 (0ms)
			AwakeInstancesAfterBackupRestoration (6ms)
Platform modules already initialized, skipping
Refreshing native plugins compatible for Editor in 0.67 ms, found 2 plugins.
Preloading 0 native plugins for Editor in 0.00 ms.
Unloading 2292 Unused Serialized files (Serialized files now loaded: 0)
System memory in use before: 94.0 MB.
System memory in use after: 94.2 MB.

Unloading 51 unused Assets to reduce memory usage. Loaded Objects now: 2752.
Total: 6.388800 ms (FindLiveObjects: 0.225600 ms CreateObjectMapping: 0.126100 ms MarkObjects: 6.007400 ms  DeleteObjects: 0.028400 ms)

AssetImportParameters requested are different than current active one (requested -> active):
  custom:framework-win-MediaFoundation: 216162199b28c13a410421893ffa2e32 -> 
  custom:video-decoder-ogg-theora: a1e56fd34408186e4bbccfd4996cb3dc -> 
  custom:container-muxer-webm: aa71ff27fc2769a1b78a27578f13a17b -> 
  custom:container-demuxer-webm: 4f35f7cbe854078d1ac9338744f61a02 -> 
  custom:container-demuxer-ogg: 62fdf1f143b41e24485cea50d1cbac27 -> 
  custom:video-encoder-webm-vp8: eb34c28f22e8b96e1ab97ce403110664 -> 
  custom:video-decoder-webm-vp8: 9c59270c3fd7afecdb556c50c9e8de78 -> 
  custom:audio-decoder-ogg-vorbis: bf7c407c2cedff20999df2af8eb42d56 -> 
  custom:audio-encoder-webm-vorbis: bf7c407c2cedff20999df2af8eb42d56 -> 
========================================================================
Received Prepare
Registering precompiled user dll's ...
Registered in 0.010833 seconds.
Begin MonoManager ReloadAssembly
Native extension for WindowsStandalone target not found
Refreshing native plugins compatible for Editor in 0.77 ms, found 2 plugins.
Preloading 0 native plugins for Editor in 0.00 ms.
Mono: successfully reloaded assembly
- Completed reload, in  1.200 seconds
Domain Reload Profiling:
	ReloadAssembly (1201ms)
		BeginReloadAssembly (134ms)
			ExecutionOrderSort (0ms)
			DisableScriptedObjects (6ms)
			BackupInstance (0ms)
			ReleaseScriptingObjects (0ms)
			CreateAndSetChildDomain (36ms)
		EndReloadAssembly (995ms)
			LoadAssemblies (115ms)
			RebuildTransferFunctionScriptingTraits (0ms)
			SetupTypeCache (321ms)
			ReleaseScriptCaches (1ms)
			RebuildScriptCaches (47ms)
			SetupLoadedEditorAssemblies (407ms)
				LogAssemblyErrors (0ms)
				InitializePlatformSupportModulesInManaged (5ms)
				SetLoadedEditorAssemblies (1ms)
				RefreshPlugins (1ms)
				BeforeProcessingInitializeOnLoad (95ms)
				ProcessInitializeOnLoadAttributes (249ms)
				ProcessInitializeOnLoadMethodAttributes (46ms)
				AfterProcessingInitializeOnLoad (11ms)
				EditorAssembliesLoaded (0ms)
			ExecutionOrderSort2 (0ms)
			AwakeInstancesAfterBackupRestoration (8ms)
Platform modules already initialized, skipping
Refreshing native plugins compatible for Editor in 0.71 ms, found 2 plugins.
Preloading 0 native plugins for Editor in 0.00 ms.
Unloading 2292 Unused Serialized files (Serialized files now loaded: 0)
System memory in use before: 94.0 MB.
System memory in use after: 94.2 MB.

Unloading 51 unused Assets to reduce memory usage. Loaded Objects now: 2754.
Total: 6.685900 ms (FindLiveObjects: 0.253800 ms CreateObjectMapping: 0.102700 ms MarkObjects: 6.297600 ms  DeleteObjects: 0.030700 ms)

AssetImportParameters requested are different than current active one (requested -> active):
  custom:framework-win-MediaFoundation: 216162199b28c13a410421893ffa2e32 -> 
  custom:video-decoder-ogg-theora: a1e56fd34408186e4bbccfd4996cb3dc -> 
  custom:container-muxer-webm: aa71ff27fc2769a1b78a27578f13a17b -> 
  custom:container-demuxer-webm: 4f35f7cbe854078d1ac9338744f61a02 -> 
  custom:container-demuxer-ogg: 62fdf1f143b41e24485cea50d1cbac27 -> 
  custom:video-encoder-webm-vp8: eb34c28f22e8b96e1ab97ce403110664 -> 
  custom:video-decoder-webm-vp8: 9c59270c3fd7afecdb556c50c9e8de78 -> 
  custom:audio-decoder-ogg-vorbis: bf7c407c2cedff20999df2af8eb42d56 -> 
  custom:audio-encoder-webm-vorbis: bf7c407c2cedff20999df2af8eb42d56 -> 
========================================================================
Received Import Request.
  Time since last request: 222.748756 seconds.
  path: Assets/Resources/BillingMode.json
  artifactKey: Guid(d468fb3fc447432418fae879b9286ec5) Importer(815301076,1909f56bfc062723c751e8b465ee728b)
Start importing Assets/Resources/BillingMode.json using Guid(d468fb3fc447432418fae879b9286ec5) Importer(815301076,1909f56bfc062723c751e8b465ee728b)  -> (artifact id: '8382ca9f712f34621cf391e8413c1828') in 0.013893 seconds 
  Import took 0.023234 seconds .

========================================================================
Received Import Request.
  Time since last request: 14.649992 seconds.
  path: Assets/Artwork/Materials/Sprite-0001.mat
  artifactKey: Guid(4a46c440f1ad29142a03d1983b39197e) Importer(815301076,1909f56bfc062723c751e8b465ee728b)
Start importing Assets/Artwork/Materials/Sprite-0001.mat using Guid(4a46c440f1ad29142a03d1983b39197e) Importer(815301076,1909f56bfc062723c751e8b465ee728b)  -> (artifact id: 'a4cb28ef30178a4142f8dd4826e0b50d') in 0.047526 seconds 
  Import took 0.057877 seconds .

========================================================================
Received Import Request.
  Time since last request: 0.000433 seconds.
  path: Assets/Artwork/Materials/Sprite-0004.mat
  artifactKey: Guid(6a0096aad4af9df4488ee77b924432a2) Importer(815301076,1909f56bfc062723c751e8b465ee728b)
Start importing Assets/Artwork/Materials/Sprite-0004.mat using Guid(6a0096aad4af9df4488ee77b924432a2) Importer(815301076,1909f56bfc062723c751e8b465ee728b)  -> (artifact id: '4063c3b78eedca40ec3d7d945784ee58') in 0.014635 seconds 
  Import took 0.017993 seconds .

========================================================================
Received Import Request.
  Time since last request: 1.601779 seconds.
  path: Assets/Artwork/Levels/Dungeon.prefab
  artifactKey: Guid(38c5e66c2dee23a4fa3d4f82e55cc724) Importer(815301076,1909f56bfc062723c751e8b465ee728b)
Start importing Assets/Artwork/Levels/Dungeon.prefab using Guid(38c5e66c2dee23a4fa3d4f82e55cc724) Importer(815301076,1909f56bfc062723c751e8b465ee728b)  -> (artifact id: 'f7c09de344e1670c583488cde2a46d0f') in 0.053686 seconds 
  Import took 0.063606 seconds .

========================================================================
Received Import Request.
  Time since last request: 1.624157 seconds.
  path: Assets/Artwork/Levels/Tiles
  artifactKey: Guid(ce58a4ecf28894c4aba7e66d68e431da) Importer(815301076,1909f56bfc062723c751e8b465ee728b)
Start importing Assets/Artwork/Levels/Tiles using Guid(ce58a4ecf28894c4aba7e66d68e431da) Importer(815301076,1909f56bfc062723c751e8b465ee728b)  -> (artifact id: 'c4224e8dca9c28eafd33599168b43741') in 0.004125 seconds 
  Import took 0.013201 seconds .

========================================================================
Received Import Request.
  Time since last request: 0.089990 seconds.
  path: Assets/Artwork/Levels/Tiles/crate_0.asset
  artifactKey: Guid(a0c6bd03496066f47899d467a224773b) Importer(815301076,1909f56bfc062723c751e8b465ee728b)
Start importing Assets/Artwork/Levels/Tiles/crate_0.asset using Guid(a0c6bd03496066f47899d467a224773b) Importer(815301076,1909f56bfc062723c751e8b465ee728b)  -> (artifact id: '4af9590cf592c76c342167b9d8d00708') in 0.014889 seconds 
  Import took 0.018361 seconds .

========================================================================
Received Import Request.
  Time since last request: 0.000349 seconds.
  path: Assets/Artwork/Levels/Tiles/healing_0.asset
  artifactKey: Guid(46f81c48066583543973b79578273516) Importer(815301076,1909f56bfc062723c751e8b465ee728b)
Start importing Assets/Artwork/Levels/Tiles/healing_0.asset using Guid(46f81c48066583543973b79578273516) Importer(815301076,1909f56bfc062723c751e8b465ee728b)  -> (artifact id: '43624c49fd433c204c41491c633e4d08') in 0.008679 seconds 
  Import took 0.012552 seconds .

========================================================================
Received Import Request.
  Time since last request: 0.000293 seconds.
  path: Assets/Artwork/Levels/Tiles/Trans_1_4.asset
  artifactKey: Guid(00abf496b328e8040812c53de9a46161) Importer(815301076,1909f56bfc062723c751e8b465ee728b)
Start importing Assets/Artwork/Levels/Tiles/Trans_1_4.asset using Guid(00abf496b328e8040812c53de9a46161) Importer(815301076,1909f56bfc062723c751e8b465ee728b)  -> (artifact id: '94bdd801acd9cde6e7d922e359f4eca5') in 0.013585 seconds 
  Import took 0.017735 seconds .

========================================================================
Received Import Request.
  Time since last request: 0.000356 seconds.
  path: Assets/Artwork/Levels/Tiles/Trans_4_1.asset
  artifactKey: Guid(30de548918d58d340b1a055fd74ef66a) Importer(815301076,1909f56bfc062723c751e8b465ee728b)
Start importing Assets/Artwork/Levels/Tiles/Trans_4_1.asset using Guid(30de548918d58d340b1a055fd74ef66a) Importer(815301076,1909f56bfc062723c751e8b465ee728b)  -> (artifact id: '4bcdfc5f2449eac88a715c3d4aa15c81') in 0.009266 seconds 
  Import took 0.013518 seconds .

========================================================================
Received Import Request.
  Time since last request: 0.000328 seconds.
  path: Assets/Artwork/Levels/Tiles/pillar_1.asset
  artifactKey: Guid(01ed5d585e5381148b76b93e22715326) Importer(815301076,1909f56bfc062723c751e8b465ee728b)
Start importing Assets/Artwork/Levels/Tiles/pillar_1.asset using Guid(01ed5d585e5381148b76b93e22715326) Importer(815301076,1909f56bfc062723c751e8b465ee728b)  -> (artifact id: '4f73a5c6d907358f485e8c7a65a7c340') in 0.015846 seconds 
  Import took 0.019947 seconds .

========================================================================
Received Import Request.
  Time since last request: 0.000266 seconds.
  path: Assets/Artwork/Levels/Tiles/Door_Close_7.asset
  artifactKey: Guid(828a31785b5895c49801166aeedd7614) Importer(815301076,1909f56bfc062723c751e8b465ee728b)
Start importing Assets/Artwork/Levels/Tiles/Door_Close_7.asset using Guid(828a31785b5895c49801166aeedd7614) Importer(815301076,1909f56bfc062723c751e8b465ee728b)  -> (artifact id: '998674bb308e85a1fcafe2c7ff8bc633') in 0.010486 seconds 
  Import took 0.014667 seconds .

========================================================================
Received Import Request.
  Time since last request: 0.000291 seconds.
  path: Assets/Artwork/Levels/Tiles/floor_11.asset
  artifactKey: Guid(c28935d16949f3e4f896aa50e84cbfad) Importer(815301076,1909f56bfc062723c751e8b465ee728b)
Start importing Assets/Artwork/Levels/Tiles/floor_11.asset using Guid(c28935d16949f3e4f896aa50e84cbfad) Importer(815301076,1909f56bfc062723c751e8b465ee728b)  -> (artifact id: 'ad4cabde571f442b196cbf4992f5588e') in 0.008821 seconds 
  Import took 0.012898 seconds .

========================================================================
Received Import Request.
  Time since last request: 0.000280 seconds.
  path: Assets/Artwork/Levels/Tiles/floor_1.asset
  artifactKey: Guid(09edf120e12b297429cf4a7545204495) Importer(815301076,1909f56bfc062723c751e8b465ee728b)
Start importing Assets/Artwork/Levels/Tiles/floor_1.asset using Guid(09edf120e12b297429cf4a7545204495) Importer(815301076,1909f56bfc062723c751e8b465ee728b)  -> (artifact id: 'a8b03673fc302a73d694a9f01c2aba85') in 0.009217 seconds 
  Import took 0.012736 seconds .

========================================================================
Received Import Request.
  Time since last request: 0.000424 seconds.
  path: Assets/Artwork/Levels/Tiles/wall_2.asset
  artifactKey: Guid(2a556619110d9c24b985fc47d1a6214a) Importer(815301076,1909f56bfc062723c751e8b465ee728b)
Start importing Assets/Artwork/Levels/Tiles/wall_2.asset using Guid(2a556619110d9c24b985fc47d1a6214a) Importer(815301076,1909f56bfc062723c751e8b465ee728b)  -> (artifact id: 'd71ed00ae3b4369f4a6cf6211b9d7373') in 0.009003 seconds 
  Import took 0.012564 seconds .

========================================================================
Received Import Request.
  Time since last request: 0.000329 seconds.
  path: Assets/Artwork/Levels/Tiles/floor_8.asset
  artifactKey: Guid(f7b1ea400c6f09240aeca9ed12c483a0) Importer(815301076,1909f56bfc062723c751e8b465ee728b)
Start importing Assets/Artwork/Levels/Tiles/floor_8.asset using Guid(f7b1ea400c6f09240aeca9ed12c483a0) Importer(815301076,1909f56bfc062723c751e8b465ee728b)  -> (artifact id: '0930e579533250578642a6fd38d37df6') in 0.009365 seconds 
  Import took 0.013299 seconds .

========================================================================
Received Import Request.
  Time since last request: 0.000336 seconds.
  path: Assets/Artwork/Levels/Tiles/floor_9.asset
  artifactKey: Guid(580d4a8f001ec0f429dc92498d7efd51) Importer(815301076,1909f56bfc062723c751e8b465ee728b)
Start importing Assets/Artwork/Levels/Tiles/floor_9.asset using Guid(580d4a8f001ec0f429dc92498d7efd51) Importer(815301076,1909f56bfc062723c751e8b465ee728b)  -> (artifact id: 'c2aa3277501cf969dc9e76aa82f9ff15') in 0.008777 seconds 
  Import took 0.012055 seconds .

========================================================================
Received Import Request.
  Time since last request: 0.000311 seconds.
  path: Assets/Artwork/Levels/Tiles/healing_1.asset
  artifactKey: Guid(e60abe2313b93e249a5496b54ed921b1) Importer(815301076,1909f56bfc062723c751e8b465ee728b)
Start importing Assets/Artwork/Levels/Tiles/healing_1.asset using Guid(e60abe2313b93e249a5496b54ed921b1) Importer(815301076,1909f56bfc062723c751e8b465ee728b)  -> (artifact id: '4631399fcd969ca05eb3f2b901aaa58c') in 0.009181 seconds 
  Import took 0.013431 seconds .

========================================================================
Received Import Request.
  Time since last request: 0.000292 seconds.
  path: Assets/Artwork/Levels/Tiles/stairs_1.asset
  artifactKey: Guid(fc720ea2cb9c8e24996b98c67b4348de) Importer(815301076,1909f56bfc062723c751e8b465ee728b)
Start importing Assets/Artwork/Levels/Tiles/stairs_1.asset using Guid(fc720ea2cb9c8e24996b98c67b4348de) Importer(815301076,1909f56bfc062723c751e8b465ee728b)  -> (artifact id: '1cb60646e80121384343696afd111ff2') in 0.008765 seconds 
  Import took 0.012237 seconds .

========================================================================
Received Import Request.
  Time since last request: 0.000336 seconds.
  path: Assets/Artwork/Levels/Tiles/Trans_3_1.asset
  artifactKey: Guid(fccd8797fb000024bbc6a3d1041322a4) Importer(815301076,1909f56bfc062723c751e8b465ee728b)
Start importing Assets/Artwork/Levels/Tiles/Trans_3_1.asset using Guid(fccd8797fb000024bbc6a3d1041322a4) Importer(815301076,1909f56bfc062723c751e8b465ee728b)  -> (artifact id: 'e4b7a272d16c8bd3a50cf2335da0f574') in 0.008761 seconds 
  Import took 0.012674 seconds .

========================================================================
Received Import Request.
  Time since last request: 0.000240 seconds.
  path: Assets/Artwork/Levels/Tiles/floor_12.asset
  artifactKey: Guid(f6956d83fb914d1449a37cfabbe70ab6) Importer(815301076,1909f56bfc062723c751e8b465ee728b)
Start importing Assets/Artwork/Levels/Tiles/floor_12.asset using Guid(f6956d83fb914d1449a37cfabbe70ab6) Importer(815301076,1909f56bfc062723c751e8b465ee728b)  -> (artifact id: '7f21c6c0c375a99468f05fbc8282ae6c') in 0.009874 seconds 
  Import took 0.013464 seconds .

========================================================================
Received Import Request.
  Time since last request: 0.000353 seconds.
  path: Assets/Artwork/Levels/Tiles/Door_Close_5.asset
  artifactKey: Guid(5d1af817edfa7df42a795dcaa2d2c209) Importer(815301076,1909f56bfc062723c751e8b465ee728b)
Start importing Assets/Artwork/Levels/Tiles/Door_Close_5.asset using Guid(5d1af817edfa7df42a795dcaa2d2c209) Importer(815301076,1909f56bfc062723c751e8b465ee728b)  -> (artifact id: 'd654710a72812b0187a56272bff17eb2') in 0.008867 seconds 
  Import took 0.012276 seconds .

========================================================================
Received Import Request.
  Time since last request: 0.000277 seconds.
  path: Assets/Artwork/Levels/Tiles/Door_Open_4.asset
  artifactKey: Guid(8d24e692b0522e94eb191fc639bc7564) Importer(815301076,1909f56bfc062723c751e8b465ee728b)
Start importing Assets/Artwork/Levels/Tiles/Door_Open_4.asset using Guid(8d24e692b0522e94eb191fc639bc7564) Importer(815301076,1909f56bfc062723c751e8b465ee728b)  -> (artifact id: '2d1a35efbb1497d9ab1198bc00bea697') in 0.008531 seconds 
  Import took 0.011761 seconds .

========================================================================
Received Import Request.
  Time since last request: 0.000284 seconds.
  path: Assets/Artwork/Levels/Tiles/floor_10.asset
  artifactKey: Guid(1b923473572855b4388e356ec5c54331) Importer(815301076,1909f56bfc062723c751e8b465ee728b)
Start importing Assets/Artwork/Levels/Tiles/floor_10.asset using Guid(1b923473572855b4388e356ec5c54331) Importer(815301076,1909f56bfc062723c751e8b465ee728b)  -> (artifact id: 'e0c5201fcfa4ea0d255863b7f6af872a') in 0.008929 seconds 
  Import took 0.012205 seconds .

========================================================================
Received Import Request.
  Time since last request: 0.000293 seconds.
  path: Assets/Artwork/Levels/Tiles/pillar_4.asset
  artifactKey: Guid(7b5bc3b91a569d94bb9d68ab95d9e685) Importer(815301076,1909f56bfc062723c751e8b465ee728b)
Start importing Assets/Artwork/Levels/Tiles/pillar_4.asset using Guid(7b5bc3b91a569d94bb9d68ab95d9e685) Importer(815301076,1909f56bfc062723c751e8b465ee728b)  -> (artifact id: '967781436c31fe75c39e53199c7ac8f6') in 0.009368 seconds 
  Import took 0.013140 seconds .

========================================================================
Received Import Request.
  Time since last request: 0.000310 seconds.
  path: Assets/Artwork/Levels/Tiles/Door_Close_8.asset
  artifactKey: Guid(6222caf8bf0c1ec4faa0a100da3fc3f0) Importer(815301076,1909f56bfc062723c751e8b465ee728b)
Start importing Assets/Artwork/Levels/Tiles/Door_Close_8.asset using Guid(6222caf8bf0c1ec4faa0a100da3fc3f0) Importer(815301076,1909f56bfc062723c751e8b465ee728b)  -> (artifact id: 'def4a0414a8115b9d2da4cb7099b190f') in 0.008845 seconds 
  Import took 0.012570 seconds .

========================================================================
Received Import Request.
  Time since last request: 0.000302 seconds.
  path: Assets/Artwork/Levels/Tiles/floor_6.asset
  artifactKey: Guid(906cdb79ef6758a4cac7d5ceec90c8bb) Importer(815301076,1909f56bfc062723c751e8b465ee728b)
Start importing Assets/Artwork/Levels/Tiles/floor_6.asset using Guid(906cdb79ef6758a4cac7d5ceec90c8bb) Importer(815301076,1909f56bfc062723c751e8b465ee728b)  -> (artifact id: 'b4c4efbc81266d2d51ca1e3bbe0438be') in 0.009406 seconds 
  Import took 0.012834 seconds .

========================================================================
Received Import Request.
  Time since last request: 0.000313 seconds.
  path: Assets/Artwork/Levels/Tiles/floor_5.asset
  artifactKey: Guid(b6e7ce015ed5e0441a24eabadc38bf28) Importer(815301076,1909f56bfc062723c751e8b465ee728b)
Start importing Assets/Artwork/Levels/Tiles/floor_5.asset using Guid(b6e7ce015ed5e0441a24eabadc38bf28) Importer(815301076,1909f56bfc062723c751e8b465ee728b)  -> (artifact id: '57df6912c0becc293af5f3de257a86a4') in 0.009046 seconds 
  Import took 0.012490 seconds .

========================================================================
Received Import Request.
  Time since last request: 0.000287 seconds.
  path: Assets/Artwork/Levels/Tiles/Trans_1_2.asset
  artifactKey: Guid(acccf0e3ca033eb4b983c0b8ae526292) Importer(815301076,1909f56bfc062723c751e8b465ee728b)
Start importing Assets/Artwork/Levels/Tiles/Trans_1_2.asset using Guid(acccf0e3ca033eb4b983c0b8ae526292) Importer(815301076,1909f56bfc062723c751e8b465ee728b)  -> (artifact id: 'df11273ca3d15c27cf848c25529c8852') in 0.008653 seconds 
  Import took 0.012080 seconds .

========================================================================
Received Import Request.
  Time since last request: 0.000254 seconds.
  path: Assets/Artwork/Levels/Tiles/Trans_3_2.asset
  artifactKey: Guid(bbc24dcb6bbd1ab42a5c00b5e2946406) Importer(815301076,1909f56bfc062723c751e8b465ee728b)
Start importing Assets/Artwork/Levels/Tiles/Trans_3_2.asset using Guid(bbc24dcb6bbd1ab42a5c00b5e2946406) Importer(815301076,1909f56bfc062723c751e8b465ee728b)  -> (artifact id: '1a370994e28d0eb347b0475c5b34af73') in 0.009077 seconds 
  Import took 0.012428 seconds .

========================================================================
Received Import Request.
  Time since last request: 0.000261 seconds.
  path: Assets/Artwork/Levels/Tiles/stairs_2.asset
  artifactKey: Guid(3c168ddcb73a8194b9a132fbce6f1558) Importer(815301076,1909f56bfc062723c751e8b465ee728b)
Start importing Assets/Artwork/Levels/Tiles/stairs_2.asset using Guid(3c168ddcb73a8194b9a132fbce6f1558) Importer(815301076,1909f56bfc062723c751e8b465ee728b)  -> (artifact id: '345f111010ac0db893415e71442018e1') in 0.008231 seconds 
  Import took 0.012605 seconds .

========================================================================
Received Import Request.
  Time since last request: 0.000272 seconds.
  path: Assets/Artwork/Levels/Tiles/healing_4.asset
  artifactKey: Guid(fcda118df71eafe47881260f29b48042) Importer(815301076,1909f56bfc062723c751e8b465ee728b)
Start importing Assets/Artwork/Levels/Tiles/healing_4.asset using Guid(fcda118df71eafe47881260f29b48042) Importer(815301076,1909f56bfc062723c751e8b465ee728b)  -> (artifact id: '22608e837f70309bf7df185b99da9109') in 0.008526 seconds 
  Import took 0.011916 seconds .

========================================================================
Received Import Request.
  Time since last request: 0.000265 seconds.
  path: Assets/Artwork/Levels/Tiles/floor_4.asset
  artifactKey: Guid(44fd8f5cbea079948b505954d4510a72) Importer(815301076,1909f56bfc062723c751e8b465ee728b)
Start importing Assets/Artwork/Levels/Tiles/floor_4.asset using Guid(44fd8f5cbea079948b505954d4510a72) Importer(815301076,1909f56bfc062723c751e8b465ee728b)  -> (artifact id: '7eabed31e06e517f94f55712172ddada') in 0.008709 seconds 
  Import took 0.013001 seconds .

========================================================================
Received Import Request.
  Time since last request: 0.000299 seconds.
  path: Assets/Artwork/Levels/Tiles/healing_2.asset
  artifactKey: Guid(4353515e6b5e9a94fb8b968380944048) Importer(815301076,1909f56bfc062723c751e8b465ee728b)
Start importing Assets/Artwork/Levels/Tiles/healing_2.asset using Guid(4353515e6b5e9a94fb8b968380944048) Importer(815301076,1909f56bfc062723c751e8b465ee728b)  -> (artifact id: 'da863f7173d8664680a724e369084c0e') in 0.008630 seconds 
  Import took 0.011912 seconds .

========================================================================
Received Import Request.
  Time since last request: 0.000246 seconds.
  path: Assets/Artwork/Levels/Tiles/Door_Open_3.asset
  artifactKey: Guid(fdf7b7579c540ae44a2ffbffdfe9ee3c) Importer(815301076,1909f56bfc062723c751e8b465ee728b)
Start importing Assets/Artwork/Levels/Tiles/Door_Open_3.asset using Guid(fdf7b7579c540ae44a2ffbffdfe9ee3c) Importer(815301076,1909f56bfc062723c751e8b465ee728b)  -> (artifact id: 'a20784493e99207ed80aa99436bcde1c') in 0.008749 seconds 
  Import took 0.012098 seconds .

========================================================================
Received Import Request.
  Time since last request: 0.000218 seconds.
  path: Assets/Artwork/Levels/Tiles/stairs_3.asset
  artifactKey: Guid(8c7d8c13e26927e4d957e449202c4319) Importer(815301076,1909f56bfc062723c751e8b465ee728b)
Start importing Assets/Artwork/Levels/Tiles/stairs_3.asset using Guid(8c7d8c13e26927e4d957e449202c4319) Importer(815301076,1909f56bfc062723c751e8b465ee728b)  -> (artifact id: '5678274a49fbee14bc4f4ce57089dd43') in 0.008608 seconds 
  Import took 0.012001 seconds .

========================================================================
Received Import Request.
  Time since last request: 0.000278 seconds.
  path: Assets/Artwork/Levels/Tiles/pillar_3.asset
  artifactKey: Guid(2907d06e237e48c42b0ce9d2da643316) Importer(815301076,1909f56bfc062723c751e8b465ee728b)
Start importing Assets/Artwork/Levels/Tiles/pillar_3.asset using Guid(2907d06e237e48c42b0ce9d2da643316) Importer(815301076,1909f56bfc062723c751e8b465ee728b)  -> (artifact id: '58c2dfe9127101eff368093665687d0b') in 0.008479 seconds 
  Import took 0.011941 seconds .

========================================================================
Received Import Request.
  Time since last request: 0.000247 seconds.
  path: Assets/Artwork/Levels/Tiles/floor_7.asset
  artifactKey: Guid(948527aca52dde247bbb40294c687402) Importer(815301076,1909f56bfc062723c751e8b465ee728b)
Start importing Assets/Artwork/Levels/Tiles/floor_7.asset using Guid(948527aca52dde247bbb40294c687402) Importer(815301076,1909f56bfc062723c751e8b465ee728b)  -> (artifact id: '0454b0d7d76f027ef3f8e5031deaba70') in 0.009037 seconds 
  Import took 0.012351 seconds .

========================================================================
Received Import Request.
  Time since last request: 0.000310 seconds.
  path: Assets/Artwork/Levels/Tiles/pillar_5.asset
  artifactKey: Guid(0c1ef46108474db4ebddbbef83329c74) Importer(815301076,1909f56bfc062723c751e8b465ee728b)
Start importing Assets/Artwork/Levels/Tiles/pillar_5.asset using Guid(0c1ef46108474db4ebddbbef83329c74) Importer(815301076,1909f56bfc062723c751e8b465ee728b)  -> (artifact id: '5565c622dbf007643b667e2cb03fe0ce') in 0.008346 seconds 
  Import took 0.012219 seconds .

========================================================================
Received Import Request.
  Time since last request: 0.000310 seconds.
  path: Assets/Artwork/Levels/Tiles/wall_0.asset
  artifactKey: Guid(3805b7f3346c6a34a8f8305014e0561f) Importer(815301076,1909f56bfc062723c751e8b465ee728b)
Start importing Assets/Artwork/Levels/Tiles/wall_0.asset using Guid(3805b7f3346c6a34a8f8305014e0561f) Importer(815301076,1909f56bfc062723c751e8b465ee728b)  -> (artifact id: '389aed6f143861d61585252168812ffe') in 0.008822 seconds 
  Import took 0.012582 seconds .

========================================================================
Received Import Request.
  Time since last request: 0.000231 seconds.
  path: Assets/Artwork/Levels/Tiles/pillar_0.asset
  artifactKey: Guid(08cc890fee59f22499e1e5151482ed25) Importer(815301076,1909f56bfc062723c751e8b465ee728b)
Start importing Assets/Artwork/Levels/Tiles/pillar_0.asset using Guid(08cc890fee59f22499e1e5151482ed25) Importer(815301076,1909f56bfc062723c751e8b465ee728b)  -> (artifact id: '2ced87f0880b1c0a193b2310d5a3b1b3') in 0.008722 seconds 
  Import took 0.011998 seconds .

========================================================================
Received Import Request.
  Time since last request: 0.000335 seconds.
  path: Assets/Artwork/Levels/Tiles/pillar_2.asset
  artifactKey: Guid(d550d2c14cb707942a0c6761aef85b0a) Importer(815301076,1909f56bfc062723c751e8b465ee728b)
Start importing Assets/Artwork/Levels/Tiles/pillar_2.asset using Guid(d550d2c14cb707942a0c6761aef85b0a) Importer(815301076,1909f56bfc062723c751e8b465ee728b)  -> (artifact id: 'db391b9627dd2c2b4389217538acabe8') in 0.008479 seconds 
  Import took 0.011777 seconds .

========================================================================
Received Import Request.
  Time since last request: 0.000241 seconds.
  path: Assets/Artwork/Levels/Tiles/crate_3.asset
  artifactKey: Guid(b30a4b5bd5b469741ba754f47a61b014) Importer(815301076,1909f56bfc062723c751e8b465ee728b)
Start importing Assets/Artwork/Levels/Tiles/crate_3.asset using Guid(b30a4b5bd5b469741ba754f47a61b014) Importer(815301076,1909f56bfc062723c751e8b465ee728b)  -> (artifact id: '2822670ac3b497f6a2a3dd14ba0afbdf') in 0.008807 seconds 
  Import took 0.012552 seconds .

========================================================================
Received Import Request.
  Time since last request: 0.000256 seconds.
  path: Assets/Artwork/Levels/Tiles/Door_Close_3.asset
  artifactKey: Guid(de964072a9382f1469cdac8089a5a890) Importer(815301076,1909f56bfc062723c751e8b465ee728b)
Start importing Assets/Artwork/Levels/Tiles/Door_Close_3.asset using Guid(de964072a9382f1469cdac8089a5a890) Importer(815301076,1909f56bfc062723c751e8b465ee728b)  -> (artifact id: 'e02c858d4708c5e50e90211599fd25e2') in 0.008430 seconds 
  Import took 0.011825 seconds .

========================================================================
Received Import Request.
  Time since last request: 0.000262 seconds.
  path: Assets/Artwork/Levels/Tiles/healing3_2.asset
  artifactKey: Guid(f51b31fe978d11e44be9ae2e05f9940a) Importer(815301076,1909f56bfc062723c751e8b465ee728b)
Start importing Assets/Artwork/Levels/Tiles/healing3_2.asset using Guid(f51b31fe978d11e44be9ae2e05f9940a) Importer(815301076,1909f56bfc062723c751e8b465ee728b)  -> (artifact id: 'ea180d38b1f7e584e1ebd35cc54ff24b') in 0.008408 seconds 
  Import took 0.012029 seconds .

========================================================================
Received Import Request.
  Time since last request: 0.000251 seconds.
  path: Assets/Artwork/Levels/Tiles/floor_3.asset
  artifactKey: Guid(9761dbe9eb5484e47a23f083f574c5ee) Importer(815301076,1909f56bfc062723c751e8b465ee728b)
Start importing Assets/Artwork/Levels/Tiles/floor_3.asset using Guid(9761dbe9eb5484e47a23f083f574c5ee) Importer(815301076,1909f56bfc062723c751e8b465ee728b)  -> (artifact id: '9fddbd19c23f71d2309cb695bddb9c29') in 0.008961 seconds 
  Import took 0.012082 seconds .

========================================================================
Received Import Request.
  Time since last request: 0.000332 seconds.
  path: Assets/Artwork/Levels/Tiles/floor_0.asset
  artifactKey: Guid(e4f21f0ab3118da4b9204097eb3d6bca) Importer(815301076,1909f56bfc062723c751e8b465ee728b)
Start importing Assets/Artwork/Levels/Tiles/floor_0.asset using Guid(e4f21f0ab3118da4b9204097eb3d6bca) Importer(815301076,1909f56bfc062723c751e8b465ee728b)  -> (artifact id: 'b0992a2ff343b62f23f479489288ebf2') in 0.008558 seconds 
  Import took 0.011957 seconds .

========================================================================
Received Import Request.
  Time since last request: 0.000305 seconds.
  path: Assets/Artwork/Levels/Tiles/wall_1.asset
  artifactKey: Guid(2433b98cf3544c546a5473383b3de81f) Importer(815301076,1909f56bfc062723c751e8b465ee728b)
Start importing Assets/Artwork/Levels/Tiles/wall_1.asset using Guid(2433b98cf3544c546a5473383b3de81f) Importer(815301076,1909f56bfc062723c751e8b465ee728b)  -> (artifact id: '3e3306cbc19992d087c7b01e38242d58') in 0.008809 seconds 
  Import took 0.012186 seconds .

========================================================================
Received Import Request.
  Time since last request: 0.000262 seconds.
  path: Assets/Artwork/Levels/Tiles/healing_3.asset
  artifactKey: Guid(d27c351f44b9cb04ebe0d66d0306ee5a) Importer(815301076,1909f56bfc062723c751e8b465ee728b)
Start importing Assets/Artwork/Levels/Tiles/healing_3.asset using Guid(d27c351f44b9cb04ebe0d66d0306ee5a) Importer(815301076,1909f56bfc062723c751e8b465ee728b)  -> (artifact id: 'b982d305dd029b1f655614c65ac40f39') in 0.008938 seconds 
  Import took 0.012577 seconds .

========================================================================
Received Import Request.
  Time since last request: 0.000285 seconds.
  path: Assets/Artwork/Levels/Tiles/Door_Close.asset
  artifactKey: Guid(58ef009b91d77ec44a1e98262dc088db) Importer(815301076,1909f56bfc062723c751e8b465ee728b)
Start importing Assets/Artwork/Levels/Tiles/Door_Close.asset using Guid(58ef009b91d77ec44a1e98262dc088db) Importer(815301076,1909f56bfc062723c751e8b465ee728b)  -> (artifact id: '3af7c313c6a8e36b14aab98a2305d697') in 0.008495 seconds 
  Import took 0.011707 seconds .

========================================================================
Received Import Request.
  Time since last request: 0.000322 seconds.
  path: Assets/Artwork/Levels/Tiles/Trans_1_3.asset
  artifactKey: Guid(3d3c73fb09f5cd442a51c1166b259fb8) Importer(815301076,1909f56bfc062723c751e8b465ee728b)
Start importing Assets/Artwork/Levels/Tiles/Trans_1_3.asset using Guid(3d3c73fb09f5cd442a51c1166b259fb8) Importer(815301076,1909f56bfc062723c751e8b465ee728b)  -> (artifact id: '4efe0df9b9a7b2a68b63a538db79a757') in 0.008710 seconds 
  Import took 0.012198 seconds .

========================================================================
Received Import Request.
  Time since last request: 0.000246 seconds.
  path: Assets/Artwork/Levels/Tiles/Trans_4_3.asset
  artifactKey: Guid(546634b4fc1ec8e46be5dd15627d052a) Importer(815301076,1909f56bfc062723c751e8b465ee728b)
Start importing Assets/Artwork/Levels/Tiles/Trans_4_3.asset using Guid(546634b4fc1ec8e46be5dd15627d052a) Importer(815301076,1909f56bfc062723c751e8b465ee728b)  -> (artifact id: '94309f74c209f7609630c4ff99d62a8a') in 0.009221 seconds 
  Import took 0.012575 seconds .

========================================================================
Received Import Request.
  Time since last request: 0.000253 seconds.
  path: Assets/Artwork/Levels/Tiles/stairs_0.asset
  artifactKey: Guid(593d81ae8889efc47b3400f557aa04a5) Importer(815301076,1909f56bfc062723c751e8b465ee728b)
Start importing Assets/Artwork/Levels/Tiles/stairs_0.asset using Guid(593d81ae8889efc47b3400f557aa04a5) Importer(815301076,1909f56bfc062723c751e8b465ee728b)  -> (artifact id: '1a1fadf2e5885c33c47ec58e59a0d99d') in 0.008543 seconds 
  Import took 0.011772 seconds .

========================================================================
Received Import Request.
  Time since last request: 0.000382 seconds.
  path: Assets/Artwork/Levels/Tiles/Trans_3_4.asset
  artifactKey: Guid(29578d154daf8c94db94f760b208ec32) Importer(815301076,1909f56bfc062723c751e8b465ee728b)
Start importing Assets/Artwork/Levels/Tiles/Trans_3_4.asset using Guid(29578d154daf8c94db94f760b208ec32) Importer(815301076,1909f56bfc062723c751e8b465ee728b)  -> (artifact id: '2cfde11e27286847770686b61110510c') in 0.009219 seconds 
  Import took 0.012676 seconds .

========================================================================
Received Import Request.
  Time since last request: 0.000264 seconds.
  path: Assets/Artwork/Levels/Tiles/Door_Close_6.asset
  artifactKey: Guid(db1169d137c88444586586c071214b02) Importer(815301076,1909f56bfc062723c751e8b465ee728b)
Start importing Assets/Artwork/Levels/Tiles/Door_Close_6.asset using Guid(db1169d137c88444586586c071214b02) Importer(815301076,1909f56bfc062723c751e8b465ee728b)  -> (artifact id: '18fb5872cb50be23e644fc097c0fe758') in 0.009476 seconds 
  Import took 0.012905 seconds .

========================================================================
Received Import Request.
  Time since last request: 0.000325 seconds.
  path: Assets/Artwork/Levels/Tiles/healing3_1.asset
  artifactKey: Guid(c8318404ce3eff74c8a5b21e4ee0336b) Importer(815301076,1909f56bfc062723c751e8b465ee728b)
Start importing Assets/Artwork/Levels/Tiles/healing3_1.asset using Guid(c8318404ce3eff74c8a5b21e4ee0336b) Importer(815301076,1909f56bfc062723c751e8b465ee728b)  -> (artifact id: '4d12a446c332bb1833a68012263fff30') in 0.008550 seconds 
  Import took 0.012205 seconds .

========================================================================
Received Import Request.
  Time since last request: 0.000367 seconds.
  path: Assets/Artwork/Levels/Tiles/Door_Open_1.asset
  artifactKey: Guid(db6ebf84c96509446aab2159863cbbed) Importer(815301076,1909f56bfc062723c751e8b465ee728b)
Start importing Assets/Artwork/Levels/Tiles/Door_Open_1.asset using Guid(db6ebf84c96509446aab2159863cbbed) Importer(815301076,1909f56bfc062723c751e8b465ee728b)  -> (artifact id: '176bea97c02e10857703893a16fe70df') in 0.008442 seconds 
  Import took 0.012424 seconds .

========================================================================
Received Import Request.
  Time since last request: 0.000276 seconds.
  path: Assets/Artwork/Levels/Tiles/crate_2.asset
  artifactKey: Guid(1c8fdf81300ccd248b2a646f227af701) Importer(815301076,1909f56bfc062723c751e8b465ee728b)
Start importing Assets/Artwork/Levels/Tiles/crate_2.asset using Guid(1c8fdf81300ccd248b2a646f227af701) Importer(815301076,1909f56bfc062723c751e8b465ee728b)  -> (artifact id: '7912b34195ae36a87346898d45f12846') in 0.009081 seconds 
  Import took 0.012483 seconds .

========================================================================
Received Import Request.
  Time since last request: 0.000280 seconds.
  path: Assets/Artwork/Levels/Tiles/Trans_3_3.asset
  artifactKey: Guid(c8d811d133bb6f9479acdd8041d49c80) Importer(815301076,1909f56bfc062723c751e8b465ee728b)
Start importing Assets/Artwork/Levels/Tiles/Trans_3_3.asset using Guid(c8d811d133bb6f9479acdd8041d49c80) Importer(815301076,1909f56bfc062723c751e8b465ee728b)  -> (artifact id: '1ce63345b3f6b46c2aee4a2ff8411769') in 0.009011 seconds 
  Import took 0.012625 seconds .

========================================================================
Received Import Request.
  Time since last request: 0.000282 seconds.
  path: Assets/Artwork/Levels/Tiles/Trans_4_2.asset
  artifactKey: Guid(21b27df9d6e6b0b4aa21009028311d5a) Importer(815301076,1909f56bfc062723c751e8b465ee728b)
Start importing Assets/Artwork/Levels/Tiles/Trans_4_2.asset using Guid(21b27df9d6e6b0b4aa21009028311d5a) Importer(815301076,1909f56bfc062723c751e8b465ee728b)  -> (artifact id: '6717345416b392ad2e9a304c163e360a') in 0.008785 seconds 
  Import took 0.012940 seconds .

========================================================================
Received Import Request.
  Time since last request: 0.000364 seconds.
  path: Assets/Artwork/Levels/Tiles/Door_Open_2.asset
  artifactKey: Guid(3e4ea6b3bd61f0842941c6a0fd72ac94) Importer(815301076,1909f56bfc062723c751e8b465ee728b)
Start importing Assets/Artwork/Levels/Tiles/Door_Open_2.asset using Guid(3e4ea6b3bd61f0842941c6a0fd72ac94) Importer(815301076,1909f56bfc062723c751e8b465ee728b)  -> (artifact id: '4112b19a86f8a034f06464cd88b32176') in 0.008485 seconds 
  Import took 0.012091 seconds .

========================================================================
Received Import Request.
  Time since last request: 0.000311 seconds.
  path: Assets/Artwork/Levels/Tiles/wall_4.asset
  artifactKey: Guid(a380d46f102515b4e9c09c758a19c55c) Importer(815301076,1909f56bfc062723c751e8b465ee728b)
Start importing Assets/Artwork/Levels/Tiles/wall_4.asset using Guid(a380d46f102515b4e9c09c758a19c55c) Importer(815301076,1909f56bfc062723c751e8b465ee728b)  -> (artifact id: '391a20448c1353e2fb2583eb3d01c106') in 0.009726 seconds 
  Import took 0.013196 seconds .

========================================================================
Received Import Request.
  Time since last request: 0.000300 seconds.
  path: Assets/Artwork/Levels/Tiles/Skull.asset
  artifactKey: Guid(106c43519f8a01d4ab391080d84d9e7a) Importer(815301076,1909f56bfc062723c751e8b465ee728b)
Start importing Assets/Artwork/Levels/Tiles/Skull.asset using Guid(106c43519f8a01d4ab391080d84d9e7a) Importer(815301076,1909f56bfc062723c751e8b465ee728b)  -> (artifact id: '2f5527375d5a06d6d2470f7725747410') in 0.009092 seconds 
  Import took 0.012920 seconds .

========================================================================
Received Import Request.
  Time since last request: 0.000319 seconds.
  path: Assets/Artwork/Levels/Tiles/Trans_2_2.asset
  artifactKey: Guid(cd922a13a73d0b544b9638aac9cb2820) Importer(815301076,1909f56bfc062723c751e8b465ee728b)
Start importing Assets/Artwork/Levels/Tiles/Trans_2_2.asset using Guid(cd922a13a73d0b544b9638aac9cb2820) Importer(815301076,1909f56bfc062723c751e8b465ee728b)  -> (artifact id: '4032f5bc5bcbfacd08b4c1892433daf3') in 0.008974 seconds 
  Import took 0.012428 seconds .

========================================================================
Received Import Request.
  Time since last request: 0.000273 seconds.
  path: Assets/Artwork/Levels/Tiles/healing_5.asset
  artifactKey: Guid(0549b31480448a745b398367e3265f55) Importer(815301076,1909f56bfc062723c751e8b465ee728b)
Start importing Assets/Artwork/Levels/Tiles/healing_5.asset using Guid(0549b31480448a745b398367e3265f55) Importer(815301076,1909f56bfc062723c751e8b465ee728b)  -> (artifact id: 'fb0fc018f1c9a0f2ac5bfb4acc2c042c') in 0.008428 seconds 
  Import took 0.011864 seconds .

========================================================================
Received Import Request.
  Time since last request: 0.000304 seconds.
  path: Assets/Artwork/Levels/Tiles/Trans_2_1.asset
  artifactKey: Guid(66954d9193da153429776d8ed8f8105c) Importer(815301076,1909f56bfc062723c751e8b465ee728b)
Start importing Assets/Artwork/Levels/Tiles/Trans_2_1.asset using Guid(66954d9193da153429776d8ed8f8105c) Importer(815301076,1909f56bfc062723c751e8b465ee728b)  -> (artifact id: 'a10c59630e018c0132b547d4e424e46b') in 0.008937 seconds 
  Import took 0.012366 seconds .

========================================================================
Received Import Request.
  Time since last request: 0.000296 seconds.
  path: Assets/Artwork/Levels/Tiles/Trans_4_4.asset
  artifactKey: Guid(6b905fb786f36d1499294192405734d6) Importer(815301076,1909f56bfc062723c751e8b465ee728b)
Start importing Assets/Artwork/Levels/Tiles/Trans_4_4.asset using Guid(6b905fb786f36d1499294192405734d6) Importer(815301076,1909f56bfc062723c751e8b465ee728b)  -> (artifact id: '59848728b3f36dc2eb4eb6f8ad1b6348') in 0.008846 seconds 
  Import took 0.012141 seconds .

========================================================================
Received Import Request.
  Time since last request: 0.000345 seconds.
  path: Assets/Artwork/Levels/Tiles/Door_Close_1.asset
  artifactKey: Guid(cf005d495e85b5a49b3721f00994c4f9) Importer(815301076,1909f56bfc062723c751e8b465ee728b)
Start importing Assets/Artwork/Levels/Tiles/Door_Close_1.asset using Guid(cf005d495e85b5a49b3721f00994c4f9) Importer(815301076,1909f56bfc062723c751e8b465ee728b)  -> (artifact id: 'f50ac9b8aef7de05d60fcdbd4b7dc017') in 0.008333 seconds 
  Import took 0.012006 seconds .

========================================================================
Received Import Request.
  Time since last request: 0.000268 seconds.
  path: Assets/Artwork/Levels/Tiles/Door_Close_2.asset
  artifactKey: Guid(196fc217ed04317469c9d6401e273d1e) Importer(815301076,1909f56bfc062723c751e8b465ee728b)
Start importing Assets/Artwork/Levels/Tiles/Door_Close_2.asset using Guid(196fc217ed04317469c9d6401e273d1e) Importer(815301076,1909f56bfc062723c751e8b465ee728b)  -> (artifact id: 'd93d8ba4e6aca53a9a88e0b97fd7f99b') in 0.008990 seconds 
  Import took 0.012467 seconds .

========================================================================
Received Import Request.
  Time since last request: 0.000320 seconds.
  path: Assets/Artwork/Levels/Tiles/Trans_2_4.asset
  artifactKey: Guid(99397e3ad8416e64789a65da5d43b037) Importer(815301076,1909f56bfc062723c751e8b465ee728b)
Start importing Assets/Artwork/Levels/Tiles/Trans_2_4.asset using Guid(99397e3ad8416e64789a65da5d43b037) Importer(815301076,1909f56bfc062723c751e8b465ee728b)  -> (artifact id: '80e6e01c891327e1635d21b675fcd78a') in 0.008825 seconds 
  Import took 0.012054 seconds .

========================================================================
Received Import Request.
  Time since last request: 0.000224 seconds.
  path: Assets/Artwork/Levels/Tiles/crate_1.asset
  artifactKey: Guid(e93918e3df7f0ba47b1390135caf9f8f) Importer(815301076,1909f56bfc062723c751e8b465ee728b)
Start importing Assets/Artwork/Levels/Tiles/crate_1.asset using Guid(e93918e3df7f0ba47b1390135caf9f8f) Importer(815301076,1909f56bfc062723c751e8b465ee728b)  -> (artifact id: '03277e02d83cd0dbd798df29c609e4d3') in 0.009379 seconds 
  Import took 0.012870 seconds .

========================================================================
Received Import Request.
  Time since last request: 0.000314 seconds.
  path: Assets/Artwork/Levels/Tiles/wall_5.asset
  artifactKey: Guid(c870be1ce92fa104e85436c2e07a1a31) Importer(815301076,1909f56bfc062723c751e8b465ee728b)
Start importing Assets/Artwork/Levels/Tiles/wall_5.asset using Guid(c870be1ce92fa104e85436c2e07a1a31) Importer(815301076,1909f56bfc062723c751e8b465ee728b)  -> (artifact id: '9a4b791b22c13fc58919eef7119cc902') in 0.008884 seconds 
  Import took 0.012802 seconds .

========================================================================
Received Import Request.
  Time since last request: 0.000312 seconds.
  path: Assets/Artwork/Levels/Tiles/Trans_2_3.asset
  artifactKey: Guid(8ebf714e244583e4ab20383e091718ee) Importer(815301076,1909f56bfc062723c751e8b465ee728b)
Start importing Assets/Artwork/Levels/Tiles/Trans_2_3.asset using Guid(8ebf714e244583e4ab20383e091718ee) Importer(815301076,1909f56bfc062723c751e8b465ee728b)  -> (artifact id: '77990c50058572f16aca93e4e8ea1541') in 0.009912 seconds 
  Import took 0.013330 seconds .

========================================================================
Received Import Request.
  Time since last request: 0.000256 seconds.
  path: Assets/Artwork/Levels/Tiles/Trans_1_1.asset
  artifactKey: Guid(04a4fb61f5d2cef4e8d1699fc368431a) Importer(815301076,1909f56bfc062723c751e8b465ee728b)
Start importing Assets/Artwork/Levels/Tiles/Trans_1_1.asset using Guid(04a4fb61f5d2cef4e8d1699fc368431a) Importer(815301076,1909f56bfc062723c751e8b465ee728b)  -> (artifact id: 'fe974f3a169ae4c9a3a03f068331e1e7') in 0.009421 seconds 
  Import took 0.013561 seconds .

========================================================================
Received Import Request.
  Time since last request: 0.000285 seconds.
  path: Assets/Artwork/Levels/Tiles/wall_3.asset
  artifactKey: Guid(d2a66c78a386c684ca30e16a3d2ac25f) Importer(815301076,1909f56bfc062723c751e8b465ee728b)
Start importing Assets/Artwork/Levels/Tiles/wall_3.asset using Guid(d2a66c78a386c684ca30e16a3d2ac25f) Importer(815301076,1909f56bfc062723c751e8b465ee728b)  -> (artifact id: '506c1e4565e7502f7598f868540447f0') in 0.009060 seconds 
  Import took 0.012850 seconds .

========================================================================
Received Import Request.
  Time since last request: 0.000284 seconds.
  path: Assets/Artwork/Levels/Tiles/Door_Close_4.asset
  artifactKey: Guid(6c0c53a2700d1194183050341809742d) Importer(815301076,1909f56bfc062723c751e8b465ee728b)
Start importing Assets/Artwork/Levels/Tiles/Door_Close_4.asset using Guid(6c0c53a2700d1194183050341809742d) Importer(815301076,1909f56bfc062723c751e8b465ee728b)  -> (artifact id: 'ebf2a37a291c0e5292a9f49c60726f83') in 0.008783 seconds 
  Import took 0.011994 seconds .

========================================================================
Received Import Request.
  Time since last request: 0.000315 seconds.
  path: Assets/Artwork/Levels/Tiles/floor_2.asset
  artifactKey: Guid(d5716c7416fd99d49b02a3ecb4d5205b) Importer(815301076,1909f56bfc062723c751e8b465ee728b)
Start importing Assets/Artwork/Levels/Tiles/floor_2.asset using Guid(d5716c7416fd99d49b02a3ecb4d5205b) Importer(815301076,1909f56bfc062723c751e8b465ee728b)  -> (artifact id: '27d5153b3f0a7e94dc63d8bc3f330368') in 0.008800 seconds 
  Import took 0.012523 seconds .

========================================================================
Received Import Request.
  Time since last request: 1.153673 seconds.
  path: Assets/Artwork/Levels/Animated Tile
  artifactKey: Guid(74f8a78ba2af16e44ba1d7d13b924287) Importer(815301076,1909f56bfc062723c751e8b465ee728b)
Start importing Assets/Artwork/Levels/Animated Tile using Guid(74f8a78ba2af16e44ba1d7d13b924287) Importer(815301076,1909f56bfc062723c751e8b465ee728b)  -> (artifact id: 'c10a72280a23704b1aae2bb23e0ce630') in 0.004742 seconds 
  Import took 0.008235 seconds .

========================================================================
Received Import Request.
  Time since last request: 0.951777 seconds.
  path: Assets/Artwork/Levels/Animated Tile/Sprites
  artifactKey: Guid(2f1bffdd610806e4eb3c4f318263a0fb) Importer(815301076,1909f56bfc062723c751e8b465ee728b)
Start importing Assets/Artwork/Levels/Animated Tile/Sprites using Guid(2f1bffdd610806e4eb3c4f318263a0fb) Importer(815301076,1909f56bfc062723c751e8b465ee728b)  -> (artifact id: '4c386f84d2c657f66824261e9c982d44') in 0.004817 seconds 
  Import took 0.008229 seconds .

========================================================================
Received Import Request.
  Time since last request: 0.805228 seconds.
  path: Assets/Artwork/Levels/Animated Tile/Sprites/Animated Tiles.png
  artifactKey: Guid(bf541ba7810cafd43af665d35d1dc29e) Importer(815301076,1909f56bfc062723c751e8b465ee728b)
Start importing Assets/Artwork/Levels/Animated Tile/Sprites/Animated Tiles.png using Guid(bf541ba7810cafd43af665d35d1dc29e) Importer(815301076,1909f56bfc062723c751e8b465ee728b)  -> (artifact id: 'a3f40dc0380a21e8948e5a5bd0746aac') in 0.044161 seconds 
  Import took 0.053243 seconds .

========================================================================
Received Import Request.
  Time since last request: 5.089799 seconds.
  path: Assets/_Prefabs/Enemys/boss_0.prefab
  artifactKey: Guid(8140980b5e70e7247a4d5df71b3259f9) Importer(815301076,1909f56bfc062723c751e8b465ee728b)
Start importing Assets/_Prefabs/Enemys/boss_0.prefab using Guid(8140980b5e70e7247a4d5df71b3259f9) Importer(815301076,1909f56bfc062723c751e8b465ee728b)  -> (artifact id: '14509f4aaf2bb3611b327170aa50f842') in 0.014521 seconds 
  Import took 0.017976 seconds .

========================================================================
Received Import Request.
  Time since last request: 0.000338 seconds.
  path: Assets/_Prefabs/Enemys/enemy_0.prefab
  artifactKey: Guid(72322437de0fb884faf3a4d59da69a6b) Importer(815301076,1909f56bfc062723c751e8b465ee728b)
Start importing Assets/_Prefabs/Enemys/enemy_0.prefab using Guid(72322437de0fb884faf3a4d59da69a6b) Importer(815301076,1909f56bfc062723c751e8b465ee728b)  -> (artifact id: 'e7594af45f3528806a4ad8608c8cf74a') in 0.015401 seconds 
  Import took 0.018606 seconds .

========================================================================
Received Import Request.
  Time since last request: 0.000300 seconds.
  path: Assets/_Prefabs/Enemys/enemy_7.prefab
  artifactKey: Guid(34250e8516950bf40b552c873ef7c936) Importer(815301076,1909f56bfc062723c751e8b465ee728b)
Start importing Assets/_Prefabs/Enemys/enemy_7.prefab using Guid(34250e8516950bf40b552c873ef7c936) Importer(815301076,1909f56bfc062723c751e8b465ee728b)  -> (artifact id: 'e0d2b5cc615f92b55c036df40712acb9') in 0.014545 seconds 
  Import took 0.017676 seconds .

========================================================================
Received Import Request.
  Time since last request: 0.000340 seconds.
  path: Assets/_Prefabs/Enemys/trap.prefab
  artifactKey: Guid(8bd3dfd809fc2d14d9f43f3d217ed0e4) Importer(815301076,1909f56bfc062723c751e8b465ee728b)
Start importing Assets/_Prefabs/Enemys/trap.prefab using Guid(8bd3dfd809fc2d14d9f43f3d217ed0e4) Importer(815301076,1909f56bfc062723c751e8b465ee728b)  -> (artifact id: '4f1a68c85865fa784ebb934cc573077a') in 0.016408 seconds 
  Import took 0.019716 seconds .

========================================================================
Received Import Request.
  Time since last request: 0.000342 seconds.
  path: Assets/_Prefabs/Enemys/enemy_1.prefab
  artifactKey: Guid(464014f09ee8953478a7192d1b4179f4) Importer(815301076,1909f56bfc062723c751e8b465ee728b)
Start importing Assets/_Prefabs/Enemys/enemy_1.prefab using Guid(464014f09ee8953478a7192d1b4179f4) Importer(815301076,1909f56bfc062723c751e8b465ee728b)  -> (artifact id: '8f575d4f7e253b4e960853c30677b844') in 0.013858 seconds 
  Import took 0.017130 seconds .

========================================================================
Received Import Request.
  Time since last request: 0.000333 seconds.
  path: Assets/_Prefabs/Enemys/enemy_5.prefab
  artifactKey: Guid(50f1ae9489d618643bc5839e75d60bad) Importer(815301076,1909f56bfc062723c751e8b465ee728b)
Start importing Assets/_Prefabs/Enemys/enemy_5.prefab using Guid(50f1ae9489d618643bc5839e75d60bad) Importer(815301076,1909f56bfc062723c751e8b465ee728b)  -> (artifact id: '7bc8d41bcf3ece0fc1f5431b9ba0ef38') in 0.012581 seconds 
  Import took 0.015789 seconds .

========================================================================
Received Import Request.
  Time since last request: 0.000288 seconds.
  path: Assets/_Prefabs/Enemys/enemy_3.prefab
  artifactKey: Guid(3a4fa164820481b4fb97d26101114068) Importer(815301076,1909f56bfc062723c751e8b465ee728b)
Start importing Assets/_Prefabs/Enemys/enemy_3.prefab using Guid(3a4fa164820481b4fb97d26101114068) Importer(815301076,1909f56bfc062723c751e8b465ee728b)  -> (artifact id: '5ca44b4c6a430305d6944bc47f3a6697') in 0.012560 seconds 
  Import took 0.021169 seconds .

========================================================================
Received Import Request.
  Time since last request: 0.000335 seconds.
  path: Assets/_Prefabs/Enemys/enemy_4.prefab
  artifactKey: Guid(79ac00b165e62e0429dc22b89e43dc70) Importer(815301076,1909f56bfc062723c751e8b465ee728b)
Start importing Assets/_Prefabs/Enemys/enemy_4.prefab using Guid(79ac00b165e62e0429dc22b89e43dc70) Importer(815301076,1909f56bfc062723c751e8b465ee728b)  -> (artifact id: '5bf8ab9e41b16a86428e617d7cc84424') in 0.012515 seconds 
  Import took 0.015824 seconds .

========================================================================
Received Import Request.
  Time since last request: 0.000304 seconds.
  path: Assets/_Prefabs/Enemys/enemy_Chest.prefab
  artifactKey: Guid(15e322f7739a0db46b052588f727b95a) Importer(815301076,1909f56bfc062723c751e8b465ee728b)
Start importing Assets/_Prefabs/Enemys/enemy_Chest.prefab using Guid(15e322f7739a0db46b052588f727b95a) Importer(815301076,1909f56bfc062723c751e8b465ee728b)  -> (artifact id: '0868238261085de8e145819f0232a018') in 0.013673 seconds 
  Import took 0.017995 seconds .

========================================================================
Received Import Request.
  Time since last request: 0.000280 seconds.
  path: Assets/_Prefabs/Enemys/enemy_6.prefab
  artifactKey: Guid(f1c74e86e173138419ab13e5af8bb801) Importer(815301076,1909f56bfc062723c751e8b465ee728b)
Start importing Assets/_Prefabs/Enemys/enemy_6.prefab using Guid(f1c74e86e173138419ab13e5af8bb801) Importer(815301076,1909f56bfc062723c751e8b465ee728b)  -> (artifact id: 'adf1c8f9c6ce19a3586d1c4f8b2d329a') in 0.012681 seconds 
  Import took 0.016122 seconds .

========================================================================
Received Import Request.
  Time since last request: 0.261757 seconds.
  path: Assets/_Prefabs/Items/chest_Diamonds.prefab
  artifactKey: Guid(9b221fa0989a37844bc1552e8f762541) Importer(815301076,1909f56bfc062723c751e8b465ee728b)
Start importing Assets/_Prefabs/Items/chest_Diamonds.prefab using Guid(9b221fa0989a37844bc1552e8f762541) Importer(815301076,1909f56bfc062723c751e8b465ee728b)  -> (artifact id: 'aa013cd4aa38d1d383f40807347a093f') in 0.011760 seconds 
  Import took 0.015291 seconds .

========================================================================
Received Import Request.
  Time since last request: 0.000399 seconds.
  path: Assets/_Prefabs/Items/chest_Sliver.prefab
  artifactKey: Guid(f3c92dadd7467af4f95245f0e381ff8a) Importer(815301076,1909f56bfc062723c751e8b465ee728b)
Start importing Assets/_Prefabs/Items/chest_Sliver.prefab using Guid(f3c92dadd7467af4f95245f0e381ff8a) Importer(815301076,1909f56bfc062723c751e8b465ee728b)  -> (artifact id: 'aab953162550535b1bc8359193a4d3d7') in 0.013587 seconds 
  Import took 0.017104 seconds .

========================================================================
Received Import Request.
  Time since last request: 0.000319 seconds.
  path: Assets/_Prefabs/Items/SingleCrate.prefab
  artifactKey: Guid(9e5c4f4a52c5ebd4a9c1237ae6f318cb) Importer(815301076,1909f56bfc062723c751e8b465ee728b)
Start importing Assets/_Prefabs/Items/SingleCrate.prefab using Guid(9e5c4f4a52c5ebd4a9c1237ae6f318cb) Importer(815301076,1909f56bfc062723c751e8b465ee728b)  -> (artifact id: '12927fa8f6a785e2c42984233c0d1546') in 0.013308 seconds 
  Import took 0.016489 seconds .

========================================================================
Received Import Request.
  Time since last request: 0.000298 seconds.
  path: Assets/_Prefabs/Items/Torch.prefab
  artifactKey: Guid(721fc62e786526047a39f4bd21e66d79) Importer(815301076,1909f56bfc062723c751e8b465ee728b)
Start importing Assets/_Prefabs/Items/Torch.prefab using Guid(721fc62e786526047a39f4bd21e66d79) Importer(815301076,1909f56bfc062723c751e8b465ee728b)  -> (artifact id: '5e2795f646f0a6cdd8fb9c0c65ad0251') in 0.013368 seconds 
  Import took 0.016683 seconds .

========================================================================
Received Import Request.
  Time since last request: 0.000315 seconds.
  path: Assets/_Prefabs/Items/healing_water.prefab
  artifactKey: Guid(7ab301500a5426e48843468b0d372122) Importer(815301076,1909f56bfc062723c751e8b465ee728b)
Start importing Assets/_Prefabs/Items/healing_water.prefab using Guid(7ab301500a5426e48843468b0d372122) Importer(815301076,1909f56bfc062723c751e8b465ee728b)  -> (artifact id: '135fe6336259b8120aaa90c5b0b71ffd') in 0.013342 seconds 
  Import took 0.016574 seconds .

========================================================================
Received Import Request.
  Time since last request: 0.000324 seconds.
  path: Assets/_Prefabs/Items/Door.prefab
  artifactKey: Guid(d872ed74b70e10341a905e4ffdd0276d) Importer(815301076,1909f56bfc062723c751e8b465ee728b)
Start importing Assets/_Prefabs/Items/Door.prefab using Guid(d872ed74b70e10341a905e4ffdd0276d) Importer(815301076,1909f56bfc062723c751e8b465ee728b)  -> (artifact id: '9f0a605188b4f78e9943cb000c77fb13') in 0.012825 seconds 
  Import took 0.016183 seconds .

========================================================================
Received Import Request.
  Time since last request: 0.000341 seconds.
  path: Assets/_Prefabs/Items/chest_Gold.prefab
  artifactKey: Guid(b9d7546ae8a94174b9e6604bf8b85660) Importer(815301076,1909f56bfc062723c751e8b465ee728b)
Start importing Assets/_Prefabs/Items/chest_Gold.prefab using Guid(b9d7546ae8a94174b9e6604bf8b85660) Importer(815301076,1909f56bfc062723c751e8b465ee728b)  -> (artifact id: 'faa8e470bba678b5d15036bfa795a8fc') in 0.011698 seconds 
  Import took 0.015092 seconds .

========================================================================
Received Import Request.
  Time since last request: 0.000277 seconds.
  path: Assets/_Prefabs/Items/TwoCrate.prefab
  artifactKey: Guid(67109ad2238902346a8d2627176acc95) Importer(815301076,1909f56bfc062723c751e8b465ee728b)
Start importing Assets/_Prefabs/Items/TwoCrate.prefab using Guid(67109ad2238902346a8d2627176acc95) Importer(815301076,1909f56bfc062723c751e8b465ee728b)  -> (artifact id: '0f1b6e99db7f94e30264c0723ff4a0fd') in 0.011493 seconds 
  Import took 0.015292 seconds .

========================================================================
Received Import Request.
  Time since last request: 2.737090 seconds.
  path: Assets/Artwork/Fonts/EBGaramond-Regular.ttf
  artifactKey: Guid(7d2999c7c351ea4428351dc86f2731f3) Importer(815301076,1909f56bfc062723c751e8b465ee728b)
Start importing Assets/Artwork/Fonts/EBGaramond-Regular.ttf using Guid(7d2999c7c351ea4428351dc86f2731f3) Importer(815301076,1909f56bfc062723c751e8b465ee728b)  -> (artifact id: 'eea004110f359d008f23649612837103') in 0.050047 seconds 
  Import took 0.054127 seconds .

========================================================================
Received Import Request.
  Time since last request: 0.000351 seconds.
  path: Assets/Artwork/Fonts/setbackt.ttf
  artifactKey: Guid(b03a706af9ffe6b49b2d61037581e72e) Importer(815301076,1909f56bfc062723c751e8b465ee728b)
Start importing Assets/Artwork/Fonts/setbackt.ttf using Guid(b03a706af9ffe6b49b2d61037581e72e) Importer(815301076,1909f56bfc062723c751e8b465ee728b)  -> (artifact id: '16a0ba5634260fa99879b5d600a6c97b') in 0.018605 seconds 
  Import took 0.021777 seconds .

========================================================================
Received Import Request.
  Time since last request: 0.000388 seconds.
  path: Assets/Artwork/Fonts/pixel_dingbats-7.ttf
  artifactKey: Guid(5ad0568a79b306b40a1abb70f8a2d8bb) Importer(815301076,1909f56bfc062723c751e8b465ee728b)
Start importing Assets/Artwork/Fonts/pixel_dingbats-7.ttf using Guid(5ad0568a79b306b40a1abb70f8a2d8bb) Importer(815301076,1909f56bfc062723c751e8b465ee728b)  -> (artifact id: 'd2ed3c0c64442ef3924125fa024a5e27') in 0.018360 seconds 
  Import took 0.021652 seconds .

========================================================================
Received Import Request.
  Time since last request: 0.000345 seconds.
  path: Assets/Artwork/Fonts/MILLENNIA.TTF
  artifactKey: Guid(fddead098f459464da198c3e95260186) Importer(815301076,1909f56bfc062723c751e8b465ee728b)
Start importing Assets/Artwork/Fonts/MILLENNIA.TTF using Guid(fddead098f459464da198c3e95260186) Importer(815301076,1909f56bfc062723c751e8b465ee728b)  -> (artifact id: 'c2d944fa3132b77763af8ce89d3f2318') in 0.014487 seconds 
  Import took 0.017664 seconds .

========================================================================
Received Import Request.
  Time since last request: 0.298155 seconds.
  path: Assets/Artwork/Icon/Audio.png
  artifactKey: Guid(87c3548adc45fd74489195cff3a49fca) Importer(815301076,1909f56bfc062723c751e8b465ee728b)
Start importing Assets/Artwork/Icon/Audio.png using Guid(87c3548adc45fd74489195cff3a49fca) Importer(815301076,1909f56bfc062723c751e8b465ee728b)  -> (artifact id: '60760b8fcb02dd6cf18e51dcf571aaa5') in 0.012490 seconds 
  Import took 0.021950 seconds .

========================================================================
Received Import Request.
  Time since last request: 0.000352 seconds.
  path: Assets/Artwork/Icon/Weapon.png
  artifactKey: Guid(969f51b13ac0e284ea1da0bf56039e5a) Importer(815301076,1909f56bfc062723c751e8b465ee728b)
Start importing Assets/Artwork/Icon/Weapon.png using Guid(969f51b13ac0e284ea1da0bf56039e5a) Importer(815301076,1909f56bfc062723c751e8b465ee728b)  -> (artifact id: '34015664d01a0567ec705f4f974ce1d0') in 0.016795 seconds 
  Import took 0.019832 seconds .

========================================================================
Received Import Request.
  Time since last request: 0.000316 seconds.
  path: Assets/Artwork/Icon/EnemyState_1.png
  artifactKey: Guid(8f5dc4999f1d61640bb32089182f9085) Importer(815301076,1909f56bfc062723c751e8b465ee728b)
Start importing Assets/Artwork/Icon/EnemyState_1.png using Guid(8f5dc4999f1d61640bb32089182f9085) Importer(815301076,1909f56bfc062723c751e8b465ee728b)  -> (artifact id: '6a63f9881cd300203cfc7a0bb46732c5') in 0.013990 seconds 
  Import took 0.017551 seconds .

========================================================================
Received Import Request.
  Time since last request: 0.000330 seconds.
  path: Assets/Artwork/Icon/Rage.png
  artifactKey: Guid(7bc8192629c3a264a8d41033d2c89892) Importer(815301076,1909f56bfc062723c751e8b465ee728b)
Start importing Assets/Artwork/Icon/Rage.png using Guid(7bc8192629c3a264a8d41033d2c89892) Importer(815301076,1909f56bfc062723c751e8b465ee728b)  -> (artifact id: 'da0e311c0b5cb49ae34846bc15de6e24') in 0.012820 seconds 
  Import took 0.016149 seconds .

========================================================================
Received Import Request.
  Time since last request: 0.000315 seconds.
  path: Assets/Artwork/Icon/Saving.png
  artifactKey: Guid(0baad0369fc1e244898479635d673231) Importer(815301076,1909f56bfc062723c751e8b465ee728b)
Start importing Assets/Artwork/Icon/Saving.png using Guid(0baad0369fc1e244898479635d673231) Importer(815301076,1909f56bfc062723c751e8b465ee728b)  -> (artifact id: 'faa4ecc4e65bc95c8c917e8a3a077629') in 0.012749 seconds 
  Import took 0.016185 seconds .

========================================================================
Received Import Request.
  Time since last request: 0.000325 seconds.
  path: Assets/Artwork/Icon/flamingSword.png
  artifactKey: Guid(0cfc38e33c7e64e4695343d05e695447) Importer(815301076,1909f56bfc062723c751e8b465ee728b)
Start importing Assets/Artwork/Icon/flamingSword.png using Guid(0cfc38e33c7e64e4695343d05e695447) Importer(815301076,1909f56bfc062723c751e8b465ee728b)  -> (artifact id: '6714a1acc3a09c3a51ac2396fc4df1f1') in 0.011419 seconds 
  Import took 0.015296 seconds .

========================================================================
Received Import Request.
  Time since last request: 0.000264 seconds.
  path: Assets/Artwork/Icon/GuideBook.png
  artifactKey: Guid(ec9158ed782d1ee46904b25e5889912d) Importer(815301076,1909f56bfc062723c751e8b465ee728b)
Start importing Assets/Artwork/Icon/GuideBook.png using Guid(ec9158ed782d1ee46904b25e5889912d) Importer(815301076,1909f56bfc062723c751e8b465ee728b)  -> (artifact id: 'b21f701fad6816a95480cfbc6c4d6a59') in 0.013312 seconds 
  Import took 0.016674 seconds .

========================================================================
Received Import Request.
  Time since last request: 0.000316 seconds.
  path: Assets/Artwork/Icon/EnemyState_2.png
  artifactKey: Guid(4d3ce50f3f5dde94fa5ae15f382a27a3) Importer(815301076,1909f56bfc062723c751e8b465ee728b)
Start importing Assets/Artwork/Icon/EnemyState_2.png using Guid(4d3ce50f3f5dde94fa5ae15f382a27a3) Importer(815301076,1909f56bfc062723c751e8b465ee728b)  -> (artifact id: '07d741acd99ad5513a2801dc4d63407a') in 0.011654 seconds 
  Import took 0.015001 seconds .

========================================================================
Received Import Request.
  Time since last request: 0.000289 seconds.
  path: Assets/Artwork/Icon/Quit.png
  artifactKey: Guid(621fb693de38d1f438eaefa258692afa) Importer(815301076,1909f56bfc062723c751e8b465ee728b)
Start importing Assets/Artwork/Icon/Quit.png using Guid(621fb693de38d1f438eaefa258692afa) Importer(815301076,1909f56bfc062723c751e8b465ee728b)  -> (artifact id: '7e8fa0fd1b781693f835d5189df7e189') in 0.012649 seconds 
  Import took 0.015800 seconds .

========================================================================
Received Import Request.
  Time since last request: 0.000283 seconds.
  path: Assets/Artwork/Icon/R.png
  artifactKey: Guid(9cf52610bd5b2ad4b956660941b2aaed) Importer(815301076,1909f56bfc062723c751e8b465ee728b)
Start importing Assets/Artwork/Icon/R.png using Guid(9cf52610bd5b2ad4b956660941b2aaed) Importer(815301076,1909f56bfc062723c751e8b465ee728b)  -> (artifact id: 'f4d2c26b076b6538c853570595c53d9a') in 0.012058 seconds 
  Import took 0.015217 seconds .

========================================================================
Received Import Request.
  Time since last request: 0.000289 seconds.
  path: Assets/Artwork/Icon/Setting.png
  artifactKey: Guid(9bb415e780576c945b224b4aac9dd45f) Importer(815301076,1909f56bfc062723c751e8b465ee728b)
Start importing Assets/Artwork/Icon/Setting.png using Guid(9bb415e780576c945b224b4aac9dd45f) Importer(815301076,1909f56bfc062723c751e8b465ee728b)  -> (artifact id: 'cb669ceb90e3f116a34abd23ff279b5e') in 0.014193 seconds 
  Import took 0.017332 seconds .

========================================================================
Received Import Request.
  Time since last request: 9.117522 seconds.
  path: Assets/_Scripts/Scene/Portal.cs
  artifactKey: Guid(f9a80851121c1294f9db56fb3aa41273) Importer(815301076,1909f56bfc062723c751e8b465ee728b)
Start importing Assets/_Scripts/Scene/Portal.cs using Guid(f9a80851121c1294f9db56fb3aa41273) Importer(815301076,1909f56bfc062723c751e8b465ee728b)  -> (artifact id: '074dffd5b06c08af863190ab06918878') in 0.007041 seconds 
  Import took 0.016029 seconds .

========================================================================
Received Import Request.
  Time since last request: 82.511627 seconds.
  path: Assets/_Scripts/Scene
  artifactKey: Guid(9fd01133e6edd87458d440d0c42f64ef) Importer(815301076,1909f56bfc062723c751e8b465ee728b)
Start importing Assets/_Scripts/Scene using Guid(9fd01133e6edd87458d440d0c42f64ef) Importer(815301076,1909f56bfc062723c751e8b465ee728b)  -> (artifact id: 'b8d8dbacf7d0d7f122c8430407721c29') in 0.005940 seconds 
  Import took 0.015263 seconds .

AssetImportWorkerClient::OnTransportError - code=2 error=End of file
